<?xml version="1.0" encoding="UTF-8"?>
<!-- Generated by org.testng.reporters.JUnitReportReporter -->
<testsuite hostname="PrimeTechs-iMac" failures="0" tests="2" name="api_tests.TestNgDemo" time="5.765" errors="0" timestamp="2023-05-01T21:25:47 EDT" skipped="0">
  <testcase classname="api_tests.TestNgDemo" name="uiTestDemo" time="5.761"/>
  <system-out/>
  <testcase classname="api_tests.TestNgDemo" name="assertionDemo" time="0.004"/>
  <system-out/>
</testsuite> <!-- api_tests.TestNgDemo -->
