<?xml version="1.0" encoding="UTF-8"?>
<!-- Generated by org.testng.reporters.JUnitReportReporter -->
<testsuite hostname="PrimeTechs-iMac" failures="0" tests="1" name="api_tests.PetStoreAPIs" time="2.781" errors="0" timestamp="2023-05-02T21:22:53 EDT" skipped="0">
  <testcase classname="api_tests.PetStoreAPIs" name="findPetsByStatus_providingQueryParam" time="2.781"/>
  <system-out/>
</testsuite> <!-- api_tests.PetStoreAPIs -->
