<?xml version="1.0" encoding="UTF-8"?>
<!-- Generated by org.testng.reporters.JUnitReportReporter -->
<testsuite hostname="PrimeTechs-iMac" failures="0" tests="5" name="api_tests.CraterItems" time="5.166" errors="0" timestamp="2023-05-04T21:17:04 EDT" skipped="0">
  <testcase classname="api_tests.CraterItems" name="updateItem" time="0.588"/>
  <system-out/>
  <testcase classname="api_tests.CraterItems" name="login" time="2.624"/>
  <system-out/>
  <testcase classname="api_tests.CraterItems" name="getItem" time="0.542"/>
  <system-out/>
  <testcase classname="api_tests.CraterItems" name="createItem" time="1.107"/>
  <system-out/>
  <testcase classname="api_tests.CraterItems" name="deleteItem" time="0.305"/>
  <system-out/>
</testsuite> <!-- api_tests.CraterItems -->
